2025-01-10 16:42:56,301 - INFO - Appareil utilisé : cpu
2025-01-10 16:42:56,307 - INFO - Chargement du tokenizer et du modèle...
2025-01-10 16:55:00,064 - WARNING - Error while downloading from https://cdn-lfs-us-1.hf.co/repos/5b/ac/5bac2c5d8af0c44f9d83bd9f7e079262d0f6f841d2bb5ae1b068ee9c5d2c081a/222c4379b38c273e69e7e7ba7c68517ab8fef0bc92f8a5f557cf834f65046471?response-content-disposition=inline%3B+filename*%3DUTF-8%27%27model.safetensors%3B+filename%3D%22model.safetensors%22%3B&Expires=1736782983&Policy=eyJTdGF0ZW1lbnQiOlt7IkNvbmRpdGlvbiI6eyJEYXRlTGVzc1RoYW4iOnsiQVdTOkVwb2NoVGltZSI6MTczNjc4Mjk4M319LCJSZXNvdXJjZSI6Imh0dHBzOi8vY2RuLWxmcy11cy0xLmhmLmNvL3JlcG9zLzViL2FjLzViYWMyYzVkOGFmMGM0NGY5ZDgzYmQ5ZjdlMDc5MjYyZDBmNmY4NDFkMmJiNWFlMWIwNjhlZTljNWQyYzA4MWEvMjIyYzQzNzliMzhjMjczZTY5ZTdlN2JhN2M2ODUxN2FiOGZlZjBiYzkyZjhhNWY1NTdjZjgzNGY2NTA0NjQ3MT9yZXNwb25zZS1jb250ZW50LWRpc3Bvc2l0aW9uPSoifV19&Signature=baZeDFJ97YzGqluC0TuqoFZcOGvtlOl1JE-det7ZEwRIK37vvKGiByLddhvEqvx%7EdanmtKRd8LTn7WFUFg4L2ORB-dqScQDrxpu4bCcE7jS5ztepOy0bMoD0oyUyyux2vL6KGBFUUZImJwLRhYruRwGLfUTCsQitrkwlezBWfpz9YTgnyQkVqT4gV1TsSasEvGz3wH%7EJtMm25a6n5TWNXKGJEaEhAfSY96GJOAe9O5xfePaTMuYhNp-kmA9wuCQWJg9uAkpVeZCgh2nMKxCJL710zrxR-2h8kbLQaWqasNOVN83RICoz8JhmWRg-%7Eedeopjr9Vh7kcZ1EI72FMtDfQ__&Key-Pair-Id=K24J24Z295AEI9: HTTPSConnectionPool(host='cdn-lfs-us-1.hf.co', port=443): Read timed out.
Trying to resume download...
2025-01-10 16:55:14,916 - WARNING - Error while downloading from https://cdn-lfs-us-1.hf.co/repos/5b/ac/5bac2c5d8af0c44f9d83bd9f7e079262d0f6f841d2bb5ae1b068ee9c5d2c081a/222c4379b38c273e69e7e7ba7c68517ab8fef0bc92f8a5f557cf834f65046471?response-content-disposition=inline%3B+filename*%3DUTF-8%27%27model.safetensors%3B+filename%3D%22model.safetensors%22%3B&Expires=1736782983&Policy=eyJTdGF0ZW1lbnQiOlt7IkNvbmRpdGlvbiI6eyJEYXRlTGVzc1RoYW4iOnsiQVdTOkVwb2NoVGltZSI6MTczNjc4Mjk4M319LCJSZXNvdXJjZSI6Imh0dHBzOi8vY2RuLWxmcy11cy0xLmhmLmNvL3JlcG9zLzViL2FjLzViYWMyYzVkOGFmMGM0NGY5ZDgzYmQ5ZjdlMDc5MjYyZDBmNmY4NDFkMmJiNWFlMWIwNjhlZTljNWQyYzA4MWEvMjIyYzQzNzliMzhjMjczZTY5ZTdlN2JhN2M2ODUxN2FiOGZlZjBiYzkyZjhhNWY1NTdjZjgzNGY2NTA0NjQ3MT9yZXNwb25zZS1jb250ZW50LWRpc3Bvc2l0aW9uPSoifV19&Signature=baZeDFJ97YzGqluC0TuqoFZcOGvtlOl1JE-det7ZEwRIK37vvKGiByLddhvEqvx%7EdanmtKRd8LTn7WFUFg4L2ORB-dqScQDrxpu4bCcE7jS5ztepOy0bMoD0oyUyyux2vL6KGBFUUZImJwLRhYruRwGLfUTCsQitrkwlezBWfpz9YTgnyQkVqT4gV1TsSasEvGz3wH%7EJtMm25a6n5TWNXKGJEaEhAfSY96GJOAe9O5xfePaTMuYhNp-kmA9wuCQWJg9uAkpVeZCgh2nMKxCJL710zrxR-2h8kbLQaWqasNOVN83RICoz8JhmWRg-%7Eedeopjr9Vh7kcZ1EI72FMtDfQ__&Key-Pair-Id=K24J24Z295AEI9: HTTPSConnectionPool(host='cdn-lfs-us-1.hf.co', port=443): Read timed out.
Trying to resume download...
2025-01-10 16:56:39,908 - INFO - Appareil utilisé : cpu
2025-01-10 16:56:39,911 - INFO - Chargement du tokenizer et du modèle...
2025-01-10 17:10:20,467 - INFO - Début du traitement des 2 chunks de texte...
2025-01-10 17:10:20,550 - INFO - Traitement du chunk 1/2 : Ceci est un exemple de texte....
2025-01-10 17:10:32,318 - ERROR - Erreur API Hugging Face : 503 - {"error":"Model dunzhang/stella_en_1.5B_v5 is currently loading","estimated_time":246.92303466796875}
2025-01-10 17:10:32,322 - WARNING - Embedding non généré pour le chunk 1.
2025-01-10 17:10:32,324 - INFO - Traitement du chunk 2/2 : Un autre exemple de morceau de texte....
2025-01-10 17:10:35,474 - ERROR - Erreur API Hugging Face : 503 - {"error":"Model dunzhang/stella_en_1.5B_v5 is currently loading","estimated_time":246.92303466796875}
2025-01-10 17:10:35,474 - WARNING - Embedding non généré pour le chunk 2.
2025-01-10 17:10:35,479 - INFO - Fin du traitement des chunks.
2025-01-10 17:10:35,480 - INFO - Création du DataFrame avec les embeddings...
2025-01-10 17:10:35,694 - INFO - DataFrame sauvegardé avec succès dans text_chunks_and_embeddings_df.csv.
2025-01-10 17:10:35,769 - INFO - Fichier text_chunks_and_embeddings_df.csv chargé avec succès.
2025-01-10 17:13:16,378 - INFO - Début du traitement des 2 chunks de texte...
2025-01-10 17:13:16,391 - INFO - Traitement du chunk 1/2 : Ceci est un exemple de texte....
2025-01-10 17:13:18,131 - INFO - Embedding généré avec succès pour le chunk 1.
2025-01-10 17:13:18,144 - INFO - Traitement du chunk 2/2 : Un autre exemple de morceau de texte....
2025-01-10 17:13:19,474 - INFO - Embedding généré avec succès pour le chunk 2.
2025-01-10 17:13:19,478 - INFO - Fin du traitement des chunks.
2025-01-10 17:13:19,480 - INFO - Création du DataFrame avec les embeddings...
2025-01-10 17:13:19,564 - INFO - DataFrame sauvegardé avec succès dans text_chunks_and_embeddings_df.csv.
2025-01-10 17:13:19,604 - INFO - Fichier text_chunks_and_embeddings_df.csv chargé avec succès.
2025-01-10 17:15:31,324 - INFO - Début du traitement des 2 chunks de texte...
2025-01-10 17:15:31,332 - INFO - Traitement du chunk 1/2 : Ceci est un exemple de texte....
2025-01-10 17:15:34,821 - INFO - Embedding généré avec succès pour le chunk 1.
2025-01-10 17:15:34,822 - INFO - Traitement du chunk 2/2 : Un autre exemple de morceau de texte....
2025-01-10 17:15:37,056 - INFO - Embedding généré avec succès pour le chunk 2.
2025-01-10 17:15:37,061 - INFO - Fin du traitement des chunks.
2025-01-10 17:15:37,061 - INFO - Création du DataFrame avec les embeddings...
2025-01-10 17:15:37,067 - INFO - DataFrame sauvegardé avec succès dans text_chunks_and_embeddings_df.csv.
2025-01-10 17:15:37,081 - INFO - Fichier text_chunks_and_embeddings_df.csv chargé avec succès.
2025-01-10 17:16:52,257 - INFO - Début du traitement des 2 chunks de texte...
2025-01-10 17:16:52,264 - INFO - Traitement du chunk 1/2 : Ceci est un exemple de texte....
2025-01-10 17:16:55,058 - INFO - Embedding généré avec succès pour le chunk 1.
2025-01-10 17:16:55,059 - INFO - Traitement du chunk 2/2 : Un autre exemple de morceau de texte....
2025-01-10 17:16:56,069 - INFO - Embedding généré avec succès pour le chunk 2.
2025-01-10 17:16:56,075 - INFO - Fin du traitement des chunks.
2025-01-10 17:16:56,076 - INFO - Création du DataFrame avec les embeddings...
2025-01-10 17:16:56,086 - INFO - DataFrame sauvegardé avec succès dans text_chunks_and_embeddings_df.csv.
2025-01-10 17:16:56,103 - INFO - Fichier text_chunks_and_embeddings_df.csv chargé avec succès.
